<?xml version="1.0" encoding="UTF-8"?>
<testng-results skipped="0" failed="0" total="1" passed="1">
  <reporter-output>
  </reporter-output>
  <suite name="Suite" duration-ms="30088" started-at="2019-09-12T16:36:54Z" finished-at="2019-09-12T16:37:24Z">
    <groups>
    </groups>
    <test name="Test" duration-ms="30088" started-at="2019-09-12T16:36:54Z" finished-at="2019-09-12T16:37:24Z">
      <class name="My1.Invoke1">
        <test-method status="PASS" signature="f()[pri:0, instance:My1.Invoke1@7c30a502]" name="f" duration-ms="30067" started-at="2019-09-12T22:06:54Z" finished-at="2019-09-12T22:07:24Z">
          <reporter-output>
          </reporter-output>
        </test-method> <!-- f -->
      </class> <!-- My1.Invoke1 -->
    </test> <!-- Test -->
  </suite> <!-- Suite -->
</testng-results>
