<?xml version="1.0" encoding="UTF-8"?>
<testng-results skipped="0" failed="0" ignored="0" total="1" passed="1">
  <reporter-output>
  </reporter-output>
  <suite name="Suite" duration-ms="24858" started-at="2019-09-12T21:02:35 IST" finished-at="2019-09-12T21:03:00 IST">
    <groups>
    </groups>
    <test name="Test" duration-ms="24858" started-at="2019-09-12T21:02:35 IST" finished-at="2019-09-12T21:03:00 IST">
      <class name="My1.Invoke1">
        <test-method status="PASS" signature="f()[pri:0, instance:My1.Invoke1@551aa95a]" name="f" duration-ms="24781" started-at="2019-09-12T21:02:35 IST" finished-at="2019-09-12T21:03:00 IST">
          <reporter-output>
          </reporter-output>
        </test-method> <!-- f -->
      </class> <!-- My1.Invoke1 -->
    </test> <!-- Test -->
  </suite> <!-- Suite -->
</testng-results>
